<?xml version="1.0" encoding="UTF-8"?>
<!-- Generated by org.testng.reporters.JUnitXMLReporter -->
<testsuite ignored="0" hostname="DESKTOP-V98FR5C" failures="0" tests="9" name="Default test" time="0.977" errors="0" timestamp="2024-07-13T22:11:00 BDT">
  <testcase classname="com.cnm.report.ExtentReportsWithTestNG" name="ActSettingTest" time="0.025"/>
  <testcase classname="com.cnm.report.ExtentReportsWithTestNG" name="ActionTest" time="0.006"/>
  <testcase classname="com.cnm.report.ExtentReportsWithTestNG" name="AssetTest" time="0.003"/>
  <testcase classname="com.cnm.report.ExtentReportsWithTestNG" name="ChangePasswordTest" time="0.004"/>
  <testcase classname="com.cnm.report.ExtentReportsWithTestNG" name="LogoutTest" time="0.002"/>
  <testcase classname="com.cnm.report.ExtentReportsWithTestNG" name="MaintainSettingTest" time="0.01"/>
  <testcase classname="com.cnm.report.ExtentReportsWithTestNG" name="NonConformanceTest" time="0.003"/>
  <testcase classname="com.cnm.report.ExtentReportsWithTestNG" name="ProfileTest" time="0.008"/>
  <testcase classname="com.cnm.report.ExtentReportsWithTestNG" name="setUpTest" time="0.004"/>
</testsuite> <!-- Default test -->
